<?xml version="1.0" encoding="UTF-8"?>
<testsuite name="pascal.taie.analysis.dataflow.analysis.constprop.InterCPTest" tests="4" skipped="0" failures="0" errors="0" timestamp="2023-12-12T11:23:27" hostname="TPT14G3I524GPY" time="13.245">
  <properties/>
  <testcase name="testExample" classname="pascal.taie.analysis.dataflow.analysis.constprop.InterCPTest" time="7.453"/>
  <testcase name="testFibonacci" classname="pascal.taie.analysis.dataflow.analysis.constprop.InterCPTest" time="1.952"/>
  <testcase name="testReference" classname="pascal.taie.analysis.dataflow.analysis.constprop.InterCPTest" time="1.941"/>
  <testcase name="testMultiIntArgs" classname="pascal.taie.analysis.dataflow.analysis.constprop.InterCPTest" time="1.899"/>
  <system-out><![CDATA[Tai-e starts ...
Writing options to output\options.yml
Writing analysis plan to output\tai-e-plan.yml
WorldBuilder starts ...
9776 classes with 97286 methods in the world
WorldBuilder finishes, elapsed time: 5.89s
throw starts ...
1 classes in scope (app) of class analyses
4 methods in scope (app) of method analyses
throw finishes, elapsed time: 0.17s
cfg starts ...
cfg finishes, elapsed time: 0.04s
cg starts ...
cg finishes, elapsed time: 0.14s
icfg starts ...
icfg finishes, elapsed time: 0.07s
inter-constprop starts ...
inter-constprop finishes, elapsed time: 0.09s
process-result starts ...
process-result finishes, elapsed time: 0.03s
Tai-e finishes, elapsed time: 6.66s
Tai-e starts ...
Writing options to output\options.yml
Writing analysis plan to output\tai-e-plan.yml
WorldBuilder starts ...
9776 classes with 97285 methods in the world
WorldBuilder finishes, elapsed time: 1.88s
throw starts ...
1 classes in scope (app) of class analyses
3 methods in scope (app) of method analyses
throw finishes, elapsed time: 0.03s
cfg starts ...
cfg finishes, elapsed time: 0.00s
cg starts ...
cg finishes, elapsed time: 0.00s
icfg starts ...
icfg finishes, elapsed time: 0.00s
inter-constprop starts ...
inter-constprop finishes, elapsed time: 0.00s
process-result starts ...
process-result finishes, elapsed time: 0.01s
Tai-e finishes, elapsed time: 1.95s
Tai-e starts ...
Writing options to output\options.yml
Writing analysis plan to output\tai-e-plan.yml
WorldBuilder starts ...
9777 classes with 97286 methods in the world
WorldBuilder finishes, elapsed time: 1.81s
throw starts ...
2 classes in scope (app) of class analyses
4 methods in scope (app) of method analyses
throw finishes, elapsed time: 0.01s
cfg starts ...
cfg finishes, elapsed time: 0.00s
cg starts ...
cg finishes, elapsed time: 0.08s
icfg starts ...
CFG of <java.lang.Object: void <init>()> is absent, try to fix this by adding option -scope=reachable
CFG of <java.lang.Object: void <init>()> is missing
icfg finishes, elapsed time: 0.00s
inter-constprop starts ...
inter-constprop finishes, elapsed time: 0.00s
process-result starts ...
process-result finishes, elapsed time: 0.01s
Tai-e finishes, elapsed time: 1.94s
Tai-e starts ...
Writing options to output\options.yml
Writing analysis plan to output\tai-e-plan.yml
WorldBuilder starts ...
9776 classes with 97286 methods in the world
WorldBuilder finishes, elapsed time: 1.86s
throw starts ...
1 classes in scope (app) of class analyses
4 methods in scope (app) of method analyses
throw finishes, elapsed time: 0.00s
cfg starts ...
cfg finishes, elapsed time: 0.00s
cg starts ...
cg finishes, elapsed time: 0.00s
icfg starts ...
icfg finishes, elapsed time: 0.00s
inter-constprop starts ...
inter-constprop finishes, elapsed time: 0.00s
process-result starts ...
process-result finishes, elapsed time: 0.01s
Tai-e finishes, elapsed time: 1.90s
]]></system-out>
  <system-err><![CDATA[]]></system-err>
</testsuite>
