<?xml version="1.0" encoding="UTF-8"?>
<testsuite name="pascal.taie.analysis.graph.callgraph.cha.CHATest" tests="4" skipped="0" failures="0" errors="0" timestamp="2023-12-12T11:23:41" hostname="TPT14G3I524GPY" time="6.933">
  <properties/>
  <testcase name="testVirtualCall" classname="pascal.taie.analysis.graph.callgraph.cha.CHATest" time="1.826"/>
  <testcase name="testStaticCall" classname="pascal.taie.analysis.graph.callgraph.cha.CHATest" time="1.698"/>
  <testcase name="testAbstractMethod" classname="pascal.taie.analysis.graph.callgraph.cha.CHATest" time="1.647"/>
  <testcase name="testInterface" classname="pascal.taie.analysis.graph.callgraph.cha.CHATest" time="1.762"/>
  <system-out><![CDATA[Tai-e starts ...
Writing options to output\options.yml
Writing analysis plan to output\tai-e-plan.yml
WorldBuilder starts ...
9781 classes with 97293 methods in the world
WorldBuilder finishes, elapsed time: 1.79s
cg starts ...
cg finishes, elapsed time: 0.01s
process-result starts ...
process-result finishes, elapsed time: 0.01s
Tai-e finishes, elapsed time: 1.83s
Tai-e starts ...
Writing options to output\options.yml
Writing analysis plan to output\tai-e-plan.yml
WorldBuilder starts ...
9778 classes with 97290 methods in the world
WorldBuilder finishes, elapsed time: 1.67s
cg starts ...
cg finishes, elapsed time: 0.00s
process-result starts ...
process-result finishes, elapsed time: 0.00s
Tai-e finishes, elapsed time: 1.70s
Tai-e starts ...
Writing options to output\options.yml
Writing analysis plan to output\tai-e-plan.yml
WorldBuilder starts ...
9778 classes with 97288 methods in the world
WorldBuilder finishes, elapsed time: 1.61s
cg starts ...
cg finishes, elapsed time: 0.01s
process-result starts ...
process-result finishes, elapsed time: 0.00s
Tai-e finishes, elapsed time: 1.65s
Tai-e starts ...
Writing options to output\options.yml
Writing analysis plan to output\tai-e-plan.yml
WorldBuilder starts ...
9780 classes with 97291 methods in the world
WorldBuilder finishes, elapsed time: 1.74s
cg starts ...
cg finishes, elapsed time: 0.01s
process-result starts ...
process-result finishes, elapsed time: 0.00s
Tai-e finishes, elapsed time: 1.76s
]]></system-out>
  <system-err><![CDATA[]]></system-err>
</testsuite>
