<?xml version="1.0" encoding="UTF-8"?>
<testsuite name="pascal.taie.analysis.dataflow.analysis.DeadCodeTest" tests="5" skipped="0" failures="0" errors="0" timestamp="2023-11-04T13:55:13" hostname="THINKPAD-PIYI" time="21.213">
  <properties/>
  <testcase name="testLoops" classname="pascal.taie.analysis.dataflow.analysis.DeadCodeTest" time="9.713"/>
  <testcase name="testDeadAssignment" classname="pascal.taie.analysis.dataflow.analysis.DeadCodeTest" time="3.798"/>
  <testcase name="testControlFlowUnreachable" classname="pascal.taie.analysis.dataflow.analysis.DeadCodeTest" time="2.22"/>
  <testcase name="testUnreachableSwitchBranch" classname="pascal.taie.analysis.dataflow.analysis.DeadCodeTest" time="2.583"/>
  <testcase name="testUnreachableIfBranch" classname="pascal.taie.analysis.dataflow.analysis.DeadCodeTest" time="2.898"/>
  <system-out><![CDATA[Tai-e starts ...
Writing options to output\options.yml
Writing analysis plan to output\tai-e-plan.yml
WorldBuilder starts ...
Warning: main class 'Loops' does not have main(String[]) method!
9840 classes with 97791 methods in the world
WorldBuilder finishes, elapsed time: 8.31s
throw starts ...
1 classes in scope (app) of class analyses
4 methods in scope (app) of method analyses
throw finishes, elapsed time: 0.18s
cfg starts ...
cfg finishes, elapsed time: 0.05s
constprop starts ...
constprop finishes, elapsed time: 0.07s
livevar starts ...
livevar finishes, elapsed time: 0.02s
deadcode starts ...
deadcode finishes, elapsed time: 0.00s
process-result starts ...
process-result finishes, elapsed time: 0.06s
Tai-e finishes, elapsed time: 8.99s
Tai-e starts ...
Writing options to output\options.yml
Writing analysis plan to output\tai-e-plan.yml
WorldBuilder starts ...
Warning: main class 'DeadAssignment' does not have main(String[]) method!
9840 classes with 97790 methods in the world
WorldBuilder finishes, elapsed time: 3.73s
throw starts ...
1 classes in scope (app) of class analyses
3 methods in scope (app) of method analyses
throw finishes, elapsed time: 0.02s
cfg starts ...
cfg finishes, elapsed time: 0.00s
constprop starts ...
constprop finishes, elapsed time: 0.00s
livevar starts ...
livevar finishes, elapsed time: 0.00s
deadcode starts ...
deadcode finishes, elapsed time: 0.00s
process-result starts ...
process-result finishes, elapsed time: 0.00s
Tai-e finishes, elapsed time: 3.78s
Tai-e starts ...
Writing options to output\options.yml
Writing analysis plan to output\tai-e-plan.yml
WorldBuilder starts ...
Warning: main class 'ControlFlowUnreachable' does not have main(String[]) method!
9840 classes with 97790 methods in the world
WorldBuilder finishes, elapsed time: 2.16s
throw starts ...
1 classes in scope (app) of class analyses
3 methods in scope (app) of method analyses
throw finishes, elapsed time: 0.02s
cfg starts ...
cfg finishes, elapsed time: 0.00s
constprop starts ...
constprop finishes, elapsed time: 0.00s
livevar starts ...
livevar finishes, elapsed time: 0.00s
deadcode starts ...
deadcode finishes, elapsed time: 0.00s
process-result starts ...
process-result finishes, elapsed time: 0.00s
Tai-e finishes, elapsed time: 2.23s
Tai-e starts ...
Writing options to output\options.yml
Writing analysis plan to output\tai-e-plan.yml
WorldBuilder starts ...
Warning: main class 'UnreachableSwitchBranch' does not have main(String[]) method!
9840 classes with 97790 methods in the world
WorldBuilder finishes, elapsed time: 2.55s
throw starts ...
1 classes in scope (app) of class analyses
3 methods in scope (app) of method analyses
throw finishes, elapsed time: 0.00s
cfg starts ...
cfg finishes, elapsed time: 0.00s
constprop starts ...
constprop finishes, elapsed time: 0.00s
livevar starts ...
livevar finishes, elapsed time: 0.00s
deadcode starts ...
deadcode finishes, elapsed time: 0.00s
process-result starts ...
process-result finishes, elapsed time: 0.00s
Tai-e finishes, elapsed time: 2.58s
Tai-e starts ...
Writing options to output\options.yml
Writing analysis plan to output\tai-e-plan.yml
WorldBuilder starts ...
Warning: main class 'UnreachableIfBranch' does not have main(String[]) method!
9840 classes with 97789 methods in the world
WorldBuilder finishes, elapsed time: 2.86s
throw starts ...
1 classes in scope (app) of class analyses
2 methods in scope (app) of method analyses
throw finishes, elapsed time: 0.00s
cfg starts ...
cfg finishes, elapsed time: 0.00s
constprop starts ...
constprop finishes, elapsed time: 0.00s
livevar starts ...
livevar finishes, elapsed time: 0.00s
deadcode starts ...
deadcode finishes, elapsed time: 0.00s
process-result starts ...
process-result finishes, elapsed time: 0.00s
Tai-e finishes, elapsed time: 2.90s
]]></system-out>
  <system-err><![CDATA[]]></system-err>
</testsuite>
